2025-07-29 04:15:27,129 - INFO - Ultimate AI Antivirus v4.X Started
2025-07-29 04:15:27,129 - INFO - Ultimate AI Antivirus v4.X Started
2025-07-29 04:15:27,129 - INFO - Monitoring path: /workspace
2025-07-29 04:15:27,129 - INFO - Monitoring path: /workspace
2025-07-29 04:15:27,129 - INFO - Quarantine enabled: True
2025-07-29 04:15:27,129 - INFO - Quarantine enabled: True
2025-07-29 04:15:27,129 - INFO - Scan mode: NORMAL
2025-07-29 04:15:27,129 - INFO - Scan mode: NORMAL
2025-07-29 04:15:27,132 - INFO - AI model loaded successfully
2025-07-29 04:15:27,132 - INFO - AI model loaded successfully
2025-07-29 04:15:27,133 - INFO - Normal scan: scanning path /workspace
2025-07-29 04:15:27,133 - INFO - Normal scan: scanning path /workspace
2025-07-29 04:15:27,133 - INFO - Searching 1 directories for files...
2025-07-29 04:15:27,133 - INFO - Searching 1 directories for files...
2025-07-29 04:15:27,278 - INFO - Found 22 files to scan
2025-07-29 04:15:27,278 - INFO - Found 22 files to scan
2025-07-29 04:15:27,278 - INFO - Finding files to scan...
2025-07-29 04:15:27,278 - INFO - Finding files to scan...
2025-07-29 04:15:27,278 - INFO - Normal scan: scanning path /workspace
2025-07-29 04:15:27,278 - INFO - Normal scan: scanning path /workspace
2025-07-29 04:15:27,279 - INFO - Searching 1 directories for files...
2025-07-29 04:15:27,279 - INFO - Searching 1 directories for files...
2025-07-29 04:15:27,410 - INFO - Found 22 files to scan
2025-07-29 04:15:27,410 - INFO - Found 22 files to scan
2025-07-29 04:15:27,410 - INFO - Starting scan of 22 files...
2025-07-29 04:15:27,410 - INFO - Starting scan of 22 files...
2025-07-29 04:15:27,433 - WARNING - THREAT DETECTED: setup_windows.bat | Level: SAFE | Method: EXTENSION | Confidence: 0.49 | Size: 1014.0 B
2025-07-29 04:15:27,433 - WARNING - THREAT DETECTED: setup_windows.bat | Level: SAFE | Method: EXTENSION | Confidence: 0.49 | Size: 1014.0 B
2025-07-29 04:15:27,433 - INFO - File quarantined: setup_windows.bat -> setup_windows_20250729_041527.bat
2025-07-29 04:15:27,433 - INFO - File quarantined: setup_windows.bat -> setup_windows_20250729_041527.bat
2025-07-29 04:15:27,512 - INFO - Scan progress: 45.5% (10/22)
2025-07-29 04:15:27,512 - INFO - Scan progress: 45.5% (10/22)
2025-07-29 04:15:27,531 - INFO - Known malware detected: config.py
2025-07-29 04:15:27,531 - INFO - Known malware detected: config.py
2025-07-29 04:15:27,531 - WARNING - THREAT DETECTED: config.py | Level: CRITICAL | Method: KNOWN_MALWARE | Confidence: 1.00 | Size: 10.3 KB
2025-07-29 04:15:27,531 - WARNING - THREAT DETECTED: config.py | Level: CRITICAL | Method: KNOWN_MALWARE | Confidence: 1.00 | Size: 10.3 KB
2025-07-29 04:15:27,532 - INFO - File quarantined: config.py -> config_20250729_041527.py
2025-07-29 04:15:27,532 - INFO - File quarantined: config.py -> config_20250729_041527.py
2025-07-29 04:15:27,580 - WARNING - THREAT DETECTED: run_antivirus.bat | Level: SAFE | Method: EXTENSION | Confidence: 0.49 | Size: 1.1 KB
2025-07-29 04:15:27,580 - WARNING - THREAT DETECTED: run_antivirus.bat | Level: SAFE | Method: EXTENSION | Confidence: 0.49 | Size: 1.1 KB
2025-07-29 04:15:27,581 - INFO - File quarantined: run_antivirus.bat -> run_antivirus_20250729_041527.bat
2025-07-29 04:15:27,581 - INFO - File quarantined: run_antivirus.bat -> run_antivirus_20250729_041527.bat
2025-07-29 04:15:27,600 - INFO - Scan progress: 90.9% (20/22)
2025-07-29 04:15:27,600 - INFO - Scan progress: 90.9% (20/22)
2025-07-29 04:15:27,621 - INFO - Scan complete. Scanned 22 files in 0.21s
2025-07-29 04:15:27,621 - INFO - Scan complete. Scanned 22 files in 0.21s
2025-07-29 04:15:27,621 - INFO - Performance: 104.6 files/second
2025-07-29 04:15:27,621 - INFO - Performance: 104.6 files/second
2025-07-29 04:15:27,621 - INFO - Threats found: 2
2025-07-29 04:15:27,621 - INFO - Threats found: 2
