2025-07-29 04:27:01,957 - INFO - Ultimate AI Antivirus v4.X Started
2025-07-29 04:27:01,957 - INFO - Ultimate AI Antivirus v4.X Started
2025-07-29 04:27:01,957 - INFO - Monitoring path: /workspace
2025-07-29 04:27:01,957 - INFO - Monitoring path: /workspace
2025-07-29 04:27:01,957 - INFO - Quarantine enabled: True
2025-07-29 04:27:01,957 - INFO - Quarantine enabled: True
2025-07-29 04:27:01,957 - INFO - Scan mode: NORMAL
2025-07-29 04:27:01,957 - INFO - Scan mode: NORMAL
2025-07-29 04:27:01,957 - ERROR - Error loading model: STACK_GLOBAL requires str
2025-07-29 04:27:01,957 - ERROR - Error loading model: STACK_GLOBAL requires str
2025-07-29 04:27:02,060 - INFO - AI model trained and saved successfully
2025-07-29 04:27:02,060 - INFO - AI model trained and saved successfully
2025-07-29 04:27:02,061 - INFO - Normal scan: scanning path /workspace
2025-07-29 04:27:02,061 - INFO - Normal scan: scanning path /workspace
2025-07-29 04:27:02,061 - INFO - Searching 1 directories for files...
2025-07-29 04:27:02,061 - INFO - Searching 1 directories for files...
2025-07-29 04:27:02,205 - INFO - Found 22 files to scan
2025-07-29 04:27:02,205 - INFO - Found 22 files to scan
2025-07-29 04:27:02,205 - INFO - Finding files to scan...
2025-07-29 04:27:02,205 - INFO - Finding files to scan...
2025-07-29 04:27:02,205 - INFO - Normal scan: scanning path /workspace
2025-07-29 04:27:02,205 - INFO - Normal scan: scanning path /workspace
2025-07-29 04:27:02,205 - INFO - Searching 1 directories for files...
2025-07-29 04:27:02,205 - INFO - Searching 1 directories for files...
2025-07-29 04:27:02,344 - INFO - Found 22 files to scan
2025-07-29 04:27:02,344 - INFO - Found 22 files to scan
2025-07-29 04:27:02,344 - INFO - Starting scan of 22 files...
2025-07-29 04:27:02,344 - INFO - Starting scan of 22 files...
2025-07-29 04:27:02,356 - WARNING - THREAT DETECTED: create_eicar_files.py | Level: SUSPICIOUS | Method: AI | Confidence: 0.62 | Size: 2.0 KB
2025-07-29 04:27:02,356 - WARNING - THREAT DETECTED: create_eicar_files.py | Level: SUSPICIOUS | Method: AI | Confidence: 0.62 | Size: 2.0 KB
2025-07-29 04:27:02,356 - INFO - File quarantined: create_eicar_files.py -> create_eicar_files_20250729_042702.py
2025-07-29 04:27:02,356 - INFO - File quarantined: create_eicar_files.py -> create_eicar_files_20250729_042702.py
2025-07-29 04:27:02,366 - WARNING - THREAT DETECTED: ai_antivirus_windows.py | Level: SUSPICIOUS | Method: AI | Confidence: 0.61 | Size: 33.5 KB
2025-07-29 04:27:02,366 - WARNING - THREAT DETECTED: ai_antivirus_windows.py | Level: SUSPICIOUS | Method: AI | Confidence: 0.61 | Size: 33.5 KB
2025-07-29 04:27:02,367 - INFO - File quarantined: ai_antivirus_windows.py -> ai_antivirus_windows_20250729_042702.py
2025-07-29 04:27:02,367 - INFO - File quarantined: ai_antivirus_windows.py -> ai_antivirus_windows_20250729_042702.py
2025-07-29 04:27:02,377 - WARNING - THREAT DETECTED: ai_antivirus.py | Level: SUSPICIOUS | Method: AI | Confidence: 0.61 | Size: 38.4 KB
2025-07-29 04:27:02,377 - WARNING - THREAT DETECTED: ai_antivirus.py | Level: SUSPICIOUS | Method: AI | Confidence: 0.61 | Size: 38.4 KB
2025-07-29 04:27:02,377 - INFO - File quarantined: ai_antivirus.py -> ai_antivirus_20250729_042702.py
2025-07-29 04:27:02,377 - INFO - File quarantined: ai_antivirus.py -> ai_antivirus_20250729_042702.py
2025-07-29 04:27:02,398 - WARNING - THREAT DETECTED: TRIPLE_CHECK_FIXES.md | Level: SUSPICIOUS | Method: AI | Confidence: 0.62 | Size: 5.5 KB
2025-07-29 04:27:02,398 - WARNING - THREAT DETECTED: TRIPLE_CHECK_FIXES.md | Level: SUSPICIOUS | Method: AI | Confidence: 0.62 | Size: 5.5 KB
2025-07-29 04:27:02,399 - INFO - File quarantined: TRIPLE_CHECK_FIXES.md -> TRIPLE_CHECK_FIXES_20250729_042702.md
2025-07-29 04:27:02,399 - INFO - File quarantined: TRIPLE_CHECK_FIXES.md -> TRIPLE_CHECK_FIXES_20250729_042702.md
2025-07-29 04:27:02,409 - WARNING - THREAT DETECTED: WINDOWS_ENCODING_FIXES.md | Level: SUSPICIOUS | Method: AI | Confidence: 0.62 | Size: 4.7 KB
2025-07-29 04:27:02,409 - WARNING - THREAT DETECTED: WINDOWS_ENCODING_FIXES.md | Level: SUSPICIOUS | Method: AI | Confidence: 0.62 | Size: 4.7 KB
2025-07-29 04:27:02,409 - INFO - File quarantined: WINDOWS_ENCODING_FIXES.md -> WINDOWS_ENCODING_FIXES_20250729_042702.md
2025-07-29 04:27:02,409 - INFO - File quarantined: WINDOWS_ENCODING_FIXES.md -> WINDOWS_ENCODING_FIXES_20250729_042702.md
2025-07-29 04:27:02,420 - WARNING - THREAT DETECTED: run_final_test.py | Level: SUSPICIOUS | Method: AI | Confidence: 0.62 | Size: 13.3 KB
2025-07-29 04:27:02,420 - WARNING - THREAT DETECTED: run_final_test.py | Level: SUSPICIOUS | Method: AI | Confidence: 0.62 | Size: 13.3 KB
2025-07-29 04:27:02,420 - INFO - File quarantined: run_final_test.py -> run_final_test_20250729_042702.py
2025-07-29 04:27:02,420 - INFO - File quarantined: run_final_test.py -> run_final_test_20250729_042702.py
2025-07-29 04:27:02,430 - WARNING - THREAT DETECTED: test_suite.py | Level: SUSPICIOUS | Method: AI | Confidence: 0.61 | Size: 20.5 KB
2025-07-29 04:27:02,430 - WARNING - THREAT DETECTED: test_suite.py | Level: SUSPICIOUS | Method: AI | Confidence: 0.61 | Size: 20.5 KB
2025-07-29 04:27:02,431 - INFO - File quarantined: test_suite.py -> test_suite_20250729_042702.py
2025-07-29 04:27:02,431 - INFO - File quarantined: test_suite.py -> test_suite_20250729_042702.py
2025-07-29 04:27:02,441 - WARNING - THREAT DETECTED: gui.py | Level: SUSPICIOUS | Method: AI | Confidence: 0.62 | Size: 17.1 KB
2025-07-29 04:27:02,441 - WARNING - THREAT DETECTED: gui.py | Level: SUSPICIOUS | Method: AI | Confidence: 0.62 | Size: 17.1 KB
2025-07-29 04:27:02,441 - INFO - File quarantined: gui.py -> gui_20250729_042702.py
2025-07-29 04:27:02,441 - INFO - File quarantined: gui.py -> gui_20250729_042702.py
2025-07-29 04:27:02,451 - WARNING - THREAT DETECTED: create_dataset.py | Level: SUSPICIOUS | Method: AI | Confidence: 0.62 | Size: 6.6 KB
2025-07-29 04:27:02,451 - WARNING - THREAT DETECTED: create_dataset.py | Level: SUSPICIOUS | Method: AI | Confidence: 0.62 | Size: 6.6 KB
2025-07-29 04:27:02,452 - INFO - File quarantined: create_dataset.py -> create_dataset_20250729_042702.py
2025-07-29 04:27:02,452 - INFO - File quarantined: create_dataset.py -> create_dataset_20250729_042702.py
2025-07-29 04:27:02,452 - INFO - Scan progress: 45.5% (10/22)
2025-07-29 04:27:02,452 - INFO - Scan progress: 45.5% (10/22)
2025-07-29 04:27:02,462 - WARNING - THREAT DETECTED: README_WINDOWS.md | Level: SUSPICIOUS | Method: AI | Confidence: 0.62 | Size: 5.4 KB
2025-07-29 04:27:02,462 - WARNING - THREAT DETECTED: README_WINDOWS.md | Level: SUSPICIOUS | Method: AI | Confidence: 0.62 | Size: 5.4 KB
2025-07-29 04:27:02,462 - INFO - File quarantined: README_WINDOWS.md -> README_WINDOWS_20250729_042702.md
2025-07-29 04:27:02,462 - INFO - File quarantined: README_WINDOWS.md -> README_WINDOWS_20250729_042702.md
2025-07-29 04:27:02,463 - INFO - Known malware detected: config.py
2025-07-29 04:27:02,463 - INFO - Known malware detected: config.py
2025-07-29 04:27:02,463 - WARNING - THREAT DETECTED: config.py | Level: CRITICAL | Method: KNOWN_MALWARE | Confidence: 1.00 | Size: 10.3 KB
2025-07-29 04:27:02,463 - WARNING - THREAT DETECTED: config.py | Level: CRITICAL | Method: KNOWN_MALWARE | Confidence: 1.00 | Size: 10.3 KB
2025-07-29 04:27:02,463 - INFO - File quarantined: config.py -> config_20250729_042702.py
2025-07-29 04:27:02,463 - INFO - File quarantined: config.py -> config_20250729_042702.py
2025-07-29 04:27:02,473 - WARNING - THREAT DETECTED: create_fake_malware.py | Level: SUSPICIOUS | Method: AI | Confidence: 0.62 | Size: 5.6 KB
2025-07-29 04:27:02,473 - WARNING - THREAT DETECTED: create_fake_malware.py | Level: SUSPICIOUS | Method: AI | Confidence: 0.62 | Size: 5.6 KB
2025-07-29 04:27:02,473 - INFO - File quarantined: create_fake_malware.py -> create_fake_malware_20250729_042702.py
2025-07-29 04:27:02,473 - INFO - File quarantined: create_fake_malware.py -> create_fake_malware_20250729_042702.py
2025-07-29 04:27:02,483 - WARNING - THREAT DETECTED: signatures.py | Level: SUSPICIOUS | Method: AI | Confidence: 0.62 | Size: 12.3 KB
2025-07-29 04:27:02,483 - WARNING - THREAT DETECTED: signatures.py | Level: SUSPICIOUS | Method: AI | Confidence: 0.62 | Size: 12.3 KB
2025-07-29 04:27:02,484 - INFO - File quarantined: signatures.py -> signatures_20250729_042702.py
2025-07-29 04:27:02,484 - INFO - File quarantined: signatures.py -> signatures_20250729_042702.py
2025-07-29 04:27:02,494 - WARNING - THREAT DETECTED: test_scan.py | Level: SUSPICIOUS | Method: AI | Confidence: 0.62 | Size: 2.5 KB
2025-07-29 04:27:02,494 - WARNING - THREAT DETECTED: test_scan.py | Level: SUSPICIOUS | Method: AI | Confidence: 0.62 | Size: 2.5 KB
2025-07-29 04:27:02,494 - INFO - File quarantined: test_scan.py -> test_scan_20250729_042702.py
2025-07-29 04:27:02,494 - INFO - File quarantined: test_scan.py -> test_scan_20250729_042702.py
2025-07-29 04:27:02,504 - WARNING - THREAT DETECTED: create_fake_malware_fast.py | Level: SUSPICIOUS | Method: AI | Confidence: 0.62 | Size: 1.5 KB
2025-07-29 04:27:02,504 - WARNING - THREAT DETECTED: create_fake_malware_fast.py | Level: SUSPICIOUS | Method: AI | Confidence: 0.62 | Size: 1.5 KB
2025-07-29 04:27:02,505 - INFO - File quarantined: create_fake_malware_fast.py -> create_fake_malware_fast_20250729_042702.py
2025-07-29 04:27:02,505 - INFO - File quarantined: create_fake_malware_fast.py -> create_fake_malware_fast_20250729_042702.py
2025-07-29 04:27:02,515 - WARNING - THREAT DETECTED: WINDOWS_SETUP_GUIDE.md | Level: SUSPICIOUS | Method: AI | Confidence: 0.62 | Size: 4.7 KB
2025-07-29 04:27:02,515 - WARNING - THREAT DETECTED: WINDOWS_SETUP_GUIDE.md | Level: SUSPICIOUS | Method: AI | Confidence: 0.62 | Size: 4.7 KB
2025-07-29 04:27:02,515 - INFO - File quarantined: WINDOWS_SETUP_GUIDE.md -> WINDOWS_SETUP_GUIDE_20250729_042702.md
2025-07-29 04:27:02,515 - INFO - File quarantined: WINDOWS_SETUP_GUIDE.md -> WINDOWS_SETUP_GUIDE_20250729_042702.md
2025-07-29 04:27:02,527 - WARNING - THREAT DETECTED: malware_dataset.csv | Level: CRITICAL | Method: AI | Confidence: 0.97 | Size: 1.9 MB
2025-07-29 04:27:02,527 - WARNING - THREAT DETECTED: malware_dataset.csv | Level: CRITICAL | Method: AI | Confidence: 0.97 | Size: 1.9 MB
2025-07-29 04:27:02,531 - INFO - File quarantined: malware_dataset.csv -> malware_dataset_20250729_042702.csv
2025-07-29 04:27:02,531 - INFO - File quarantined: malware_dataset.csv -> malware_dataset_20250729_042702.csv
2025-07-29 04:27:02,541 - WARNING - THREAT DETECTED: create_safe_files.py | Level: SUSPICIOUS | Method: AI | Confidence: 0.62 | Size: 2.0 KB
2025-07-29 04:27:02,541 - WARNING - THREAT DETECTED: create_safe_files.py | Level: SUSPICIOUS | Method: AI | Confidence: 0.62 | Size: 2.0 KB
2025-07-29 04:27:02,541 - INFO - File quarantined: create_safe_files.py -> create_safe_files_20250729_042702.py
2025-07-29 04:27:02,541 - INFO - File quarantined: create_safe_files.py -> create_safe_files_20250729_042702.py
2025-07-29 04:27:02,552 - WARNING - THREAT DETECTED: utils.py | Level: SUSPICIOUS | Method: AI | Confidence: 0.62 | Size: 17.1 KB
2025-07-29 04:27:02,552 - WARNING - THREAT DETECTED: utils.py | Level: SUSPICIOUS | Method: AI | Confidence: 0.62 | Size: 17.1 KB
2025-07-29 04:27:02,552 - INFO - File quarantined: utils.py -> utils_20250729_042702.py
2025-07-29 04:27:02,552 - INFO - File quarantined: utils.py -> utils_20250729_042702.py
2025-07-29 04:27:02,552 - INFO - Scan progress: 90.9% (20/22)
2025-07-29 04:27:02,552 - INFO - Scan progress: 90.9% (20/22)
2025-07-29 04:27:02,573 - INFO - Scan complete. Scanned 22 files in 0.23s
2025-07-29 04:27:02,573 - INFO - Scan complete. Scanned 22 files in 0.23s
2025-07-29 04:27:02,573 - INFO - Performance: 96.0 files/second
2025-07-29 04:27:02,573 - INFO - Performance: 96.0 files/second
2025-07-29 04:27:02,574 - INFO - Threats found: 18
2025-07-29 04:27:02,574 - INFO - Threats found: 18
