2025-07-29 04:15:49,674 - INFO - Ultimate AI Antivirus v4.X Started
2025-07-29 04:15:49,674 - INFO - Ultimate AI Antivirus v4.X Started
2025-07-29 04:15:49,674 - INFO - Monitoring path: /workspace
2025-07-29 04:15:49,674 - INFO - Monitoring path: /workspace
2025-07-29 04:15:49,674 - INFO - Quarantine enabled: True
2025-07-29 04:15:49,674 - INFO - Quarantine enabled: True
2025-07-29 04:15:49,674 - INFO - Scan mode: NORMAL
2025-07-29 04:15:49,674 - INFO - Scan mode: NORMAL
2025-07-29 04:15:49,676 - INFO - AI model loaded successfully
2025-07-29 04:15:49,676 - INFO - AI model loaded successfully
2025-07-29 04:15:49,677 - INFO - Normal scan: scanning path /workspace
2025-07-29 04:15:49,677 - INFO - Normal scan: scanning path /workspace
2025-07-29 04:15:49,677 - INFO - Searching 1 directories for files...
2025-07-29 04:15:49,677 - INFO - Searching 1 directories for files...
2025-07-29 04:15:49,829 - INFO - Found 22 files to scan
2025-07-29 04:15:49,829 - INFO - Found 22 files to scan
2025-07-29 04:15:49,829 - INFO - Finding files to scan...
2025-07-29 04:15:49,829 - INFO - Finding files to scan...
2025-07-29 04:15:49,829 - INFO - Normal scan: scanning path /workspace
2025-07-29 04:15:49,829 - INFO - Normal scan: scanning path /workspace
2025-07-29 04:15:49,829 - INFO - Searching 1 directories for files...
2025-07-29 04:15:49,829 - INFO - Searching 1 directories for files...
2025-07-29 04:15:49,965 - INFO - Found 22 files to scan
2025-07-29 04:15:49,965 - INFO - Found 22 files to scan
2025-07-29 04:15:49,965 - INFO - Starting scan of 22 files...
2025-07-29 04:15:49,965 - INFO - Starting scan of 22 files...
2025-07-29 04:15:49,988 - WARNING - THREAT DETECTED: setup_windows.bat | Level: SAFE | Method: EXTENSION | Confidence: 0.49 | Size: 1014.0 B
2025-07-29 04:15:49,988 - WARNING - THREAT DETECTED: setup_windows.bat | Level: SAFE | Method: EXTENSION | Confidence: 0.49 | Size: 1014.0 B
2025-07-29 04:15:49,988 - INFO - File quarantined: setup_windows.bat -> setup_windows_20250729_041549.bat
2025-07-29 04:15:49,988 - INFO - File quarantined: setup_windows.bat -> setup_windows_20250729_041549.bat
2025-07-29 04:15:50,069 - INFO - Scan progress: 45.5% (10/22)
2025-07-29 04:15:50,069 - INFO - Scan progress: 45.5% (10/22)
2025-07-29 04:15:50,089 - INFO - Known malware detected: config.py
2025-07-29 04:15:50,089 - INFO - Known malware detected: config.py
2025-07-29 04:15:50,089 - WARNING - THREAT DETECTED: config.py | Level: CRITICAL | Method: KNOWN_MALWARE | Confidence: 1.00 | Size: 10.3 KB
2025-07-29 04:15:50,089 - WARNING - THREAT DETECTED: config.py | Level: CRITICAL | Method: KNOWN_MALWARE | Confidence: 1.00 | Size: 10.3 KB
2025-07-29 04:15:50,089 - INFO - File quarantined: config.py -> config_20250729_041550.py
2025-07-29 04:15:50,089 - INFO - File quarantined: config.py -> config_20250729_041550.py
2025-07-29 04:15:50,140 - WARNING - THREAT DETECTED: run_antivirus.bat | Level: SAFE | Method: EXTENSION | Confidence: 0.49 | Size: 1.1 KB
2025-07-29 04:15:50,140 - WARNING - THREAT DETECTED: run_antivirus.bat | Level: SAFE | Method: EXTENSION | Confidence: 0.49 | Size: 1.1 KB
2025-07-29 04:15:50,140 - INFO - File quarantined: run_antivirus.bat -> run_antivirus_20250729_041550.bat
2025-07-29 04:15:50,140 - INFO - File quarantined: run_antivirus.bat -> run_antivirus_20250729_041550.bat
2025-07-29 04:15:50,160 - INFO - Scan progress: 90.9% (20/22)
2025-07-29 04:15:50,160 - INFO - Scan progress: 90.9% (20/22)
2025-07-29 04:15:50,182 - INFO - Scan complete. Scanned 22 files in 0.22s
2025-07-29 04:15:50,182 - INFO - Scan complete. Scanned 22 files in 0.22s
2025-07-29 04:15:50,182 - INFO - Performance: 101.4 files/second
2025-07-29 04:15:50,182 - INFO - Performance: 101.4 files/second
2025-07-29 04:15:50,182 - INFO - Threats found: 2
2025-07-29 04:15:50,182 - INFO - Threats found: 2
