2025-07-29 06:03:50,993 - INFO - Ultimate AI Antivirus v4.X Started
2025-07-29 06:03:50,993 - INFO - Ultimate AI Antivirus v4.X Started
2025-07-29 06:03:50,993 - INFO - Monitoring path: /workspace
2025-07-29 06:03:50,993 - INFO - Monitoring path: /workspace
2025-07-29 06:03:50,993 - INFO - Quarantine enabled: True
2025-07-29 06:03:50,993 - INFO - Quarantine enabled: True
2025-07-29 06:03:50,993 - INFO - Scan mode: NORMAL
2025-07-29 06:03:50,993 - INFO - Scan mode: NORMAL
2025-07-29 06:03:50,997 - INFO - Error loading PyTorch model: 'collections.OrderedDict' object has no attribute 'eval'
2025-07-29 06:03:50,997 - INFO - Error loading PyTorch model: 'collections.OrderedDict' object has no attribute 'eval'
2025-07-29 06:03:53,088 - INFO - Error in PyTorch training: 'collections.OrderedDict' object has no attribute 'eval'
2025-07-29 06:03:53,088 - INFO - Error in PyTorch training: 'collections.OrderedDict' object has no attribute 'eval'
2025-07-29 06:03:53,198 - INFO - AI model trained and saved successfully
2025-07-29 06:03:53,198 - INFO - AI model trained and saved successfully
2025-07-29 06:03:53,200 - INFO - Finding files to scan...
2025-07-29 06:03:53,200 - INFO - Finding files to scan...
2025-07-29 06:03:53,200 - INFO - Normal scan: scanning path /workspace
2025-07-29 06:03:53,200 - INFO - Normal scan: scanning path /workspace
2025-07-29 06:03:53,200 - INFO - Searching 1 directories for files...
2025-07-29 06:03:53,200 - INFO - Searching 1 directories for files...
2025-07-29 06:03:53,636 - INFO - Found 1 files to scan
2025-07-29 06:03:53,636 - INFO - Found 1 files to scan
2025-07-29 06:03:53,636 - INFO - Starting scan of 1 files...
2025-07-29 06:03:53,636 - INFO - Starting scan of 1 files...
2025-07-29 06:03:53,637 - INFO - Signature-based threat detected: suspicious_malware.bat
2025-07-29 06:03:53,637 - INFO - Signature-based threat detected: suspicious_malware.bat
2025-07-29 06:03:53,637 - INFO - Matched signatures: trojan: 6 signatures; backdoor: 4 signatures
2025-07-29 06:03:53,637 - INFO - Matched signatures: trojan: 6 signatures; backdoor: 4 signatures
2025-07-29 06:03:53,637 - WARNING - THREAT DETECTED: suspicious_malware.bat | Level: CRITICAL | Method: SIGNATURE | Confidence: 1.00 | Size: 71.0 B
2025-07-29 06:03:53,637 - WARNING - THREAT DETECTED: suspicious_malware.bat | Level: CRITICAL | Method: SIGNATURE | Confidence: 1.00 | Size: 71.0 B
2025-07-29 06:03:53,637 - INFO - Threat detected during monitoring: suspicious_malware.bat (SIGNATURE)
2025-07-29 06:03:53,637 - INFO - Threat detected during monitoring: suspicious_malware.bat (SIGNATURE)
2025-07-29 06:03:53,637 - INFO - Scan complete. Scanned 1 files in 0.00s
2025-07-29 06:03:53,637 - INFO - Scan complete. Scanned 1 files in 0.00s
2025-07-29 06:03:53,637 - INFO - Performance: 849.6 files/second
2025-07-29 06:03:53,637 - INFO - Performance: 849.6 files/second
2025-07-29 06:03:53,637 - INFO - Threats found: 1
2025-07-29 06:03:53,637 - INFO - Threats found: 1
