2025-07-29 05:50:44,981 - INFO - Ultimate AI Antivirus v4.X Started
2025-07-29 05:50:44,981 - INFO - Ultimate AI Antivirus v4.X Started
2025-07-29 05:50:44,981 - INFO - Monitoring path: /workspace
2025-07-29 05:50:44,981 - INFO - Monitoring path: /workspace
2025-07-29 05:50:44,981 - INFO - Quarantine enabled: True
2025-07-29 05:50:44,981 - INFO - Quarantine enabled: True
2025-07-29 05:50:44,981 - INFO - Scan mode: NORMAL
2025-07-29 05:50:44,981 - INFO - Scan mode: NORMAL
2025-07-29 05:50:44,984 - INFO - Error loading PyTorch model: 'collections.OrderedDict' object has no attribute 'eval'
2025-07-29 05:50:44,984 - INFO - Error loading PyTorch model: 'collections.OrderedDict' object has no attribute 'eval'
2025-07-29 05:50:46,826 - INFO - Error in PyTorch training: 'collections.OrderedDict' object has no attribute 'eval'
2025-07-29 05:50:46,826 - INFO - Error in PyTorch training: 'collections.OrderedDict' object has no attribute 'eval'
2025-07-29 05:50:46,929 - INFO - AI model trained and saved successfully
2025-07-29 05:50:46,929 - INFO - AI model trained and saved successfully
2025-07-29 05:50:46,932 - INFO - Finding files to scan...
2025-07-29 05:50:46,932 - INFO - Finding files to scan...
2025-07-29 05:50:46,932 - INFO - Normal scan: scanning path /workspace
2025-07-29 05:50:46,932 - INFO - Normal scan: scanning path /workspace
2025-07-29 05:50:46,932 - INFO - Searching 1 directories for files...
2025-07-29 05:50:46,932 - INFO - Searching 1 directories for files...
2025-07-29 05:50:47,252 - INFO - Found 0 files to scan
2025-07-29 05:50:47,252 - INFO - Found 0 files to scan
2025-07-29 05:50:47,252 - INFO - No files to scan
2025-07-29 05:50:47,252 - INFO - No files to scan
